Using pre-set license
Built from '2020.2/release' branch; Version is '2020.2.2f1 (068178b99f32) revision 426360'; Using compiler version '192528614'; Build Type 'Release'
OS: 'Windows 10 Enterprise; OS build 18363.1440; Version 1909; 64bit' Language: 'en' Physical Memory: 16304 MB
BatchMode: 1, IsHumanControllingUs: 0, StartBugReporterOnCrash: 0, Is64bit: 1, IsPro: 0

 COMMAND LINE ARGUMENTS:
C:\Program Files\Unity\Hub\Editor\2020.2.2f1\Editor\Unity.exe
-adb2
-batchMode
-noUpm
-name
AssetImportWorker0
-projectPath
C:/Users/jackson.king/Documents/jking/VRIntroLearn
-logFile
Logs/AssetImportWorker0.log
-srvPort
52487
Successfully changed project path to: C:/Users/jackson.king/Documents/jking/VRIntroLearn
C:/Users/jackson.king/Documents/jking/VRIntroLearn
Using Asset Import Pipeline V2.
Refreshing native plugins compatible for Editor in 37.10 ms, found 9 plugins.
Preloading 2 native plugins for Editor in 1.66 ms.
Initialize engine version: 2020.2.2f1 (068178b99f32)
[Subsystems] Discovering subsystems at path C:/Program Files/Unity/Hub/Editor/2020.2.2f1/Editor/Data/Resources/UnitySubsystems
[Subsystems] Discovering subsystems at path C:/Users/jackson.king/Documents/jking/VRIntroLearn/Assets
GfxDevice: creating device client; threaded=0
Direct3D:
    Version:  Direct3D 11.0 [level 11.0]
    Renderer: NVIDIA Quadro K2200  (ID=0x13ba)
    Vendor:   
    VRAM:     4035 MB
    Driver:   10.18.13.5362
Initialize mono
Mono path[0] = 'C:/Program Files/Unity/Hub/Editor/2020.2.2f1/Editor/Data/Managed'
Mono path[1] = 'C:/Program Files/Unity/Hub/Editor/2020.2.2f1/Editor/Data/MonoBleedingEdge/lib/mono/unityjit'
Mono config path = 'C:/Program Files/Unity/Hub/Editor/2020.2.2f1/Editor/Data/MonoBleedingEdge/etc'
Using monoOptions --debugger-agent=transport=dt_socket,embedding=1,server=y,suspend=n,address=127.0.0.1:56992
Begin MonoManager ReloadAssembly
Registering precompiled unity dll's ...
Register platform support module: C:/Program Files/Unity/Hub/Editor/2020.2.2f1/Editor/Data/PlaybackEngines/WindowsStandaloneSupport/UnityEditor.WindowsStandalone.Extensions.dll
Registered in 0.001289 seconds.
Native extension for WindowsStandalone target not found
Refreshing native plugins compatible for Editor in 29.09 ms, found 9 plugins.
Preloading 2 native plugins for Editor in 0.17 ms.
Invoked RoslynAnalysisRunner static constructor.
RoslynAnalysisRunner will not be running.
RoslynAnalysisRunner has terminated.
Mono: successfully reloaded assembly
- Completed reload, in  1.551 seconds
Platform modules already initialized, skipping
Registering precompiled user dll's ...
Registered in 0.004395 seconds.
Begin MonoManager ReloadAssembly
Native extension for WindowsStandalone target not found
Refreshing native plugins compatible for Editor in 0.42 ms, found 9 plugins.
Preloading 2 native plugins for Editor in 0.11 ms.
Invoked RoslynAnalysisRunner static constructor.
RoslynAnalysisRunner will not be running.
RoslynAnalysisRunner has terminated.
[XR] OculusXRPlugin: registering subsystems
[XR] Unable to register display lifecyle provider: [1]
[XR] Oculus Input lifecycle provider registered.
[XR] Unable to register input lifecyle provider: [1]
NullReferenceException: Object reference not set to an instance of an object
  at Unity.XR.Oculus.OculusLoader.AssetPathToAbsolutePath (System.String assetPath) [0x00048] in C:\Users\jackson.king\Documents\jking\VRIntroLearn\Library\PackageCache\com.unity.xr.oculus@1.6.1\Runtime\OculusLoader.cs:242 
  at Unity.XR.Oculus.OculusLoader.EditorLoadOVRPlugin () [0x0007b] in C:\Users\jackson.king\Documents\jking\VRIntroLearn\Library\PackageCache\com.unity.xr.oculus@1.6.1\Runtime\OculusLoader.cs:227 

(Filename: Library/PackageCache/com.unity.xr.oculus@1.6.1/Runtime/OculusLoader.cs Line: 242)

Mono: successfully reloaded assembly
- Completed reload, in  0.815 seconds
Platform modules already initialized, skipping
========================================================================
Worker process is ready to serve import requests
Launched and connected shader compiler UnityShaderCompiler.exe after 0.05 seconds
Refreshing native plugins compatible for Editor in 0.77 ms, found 9 plugins.
Preloading 2 native plugins for Editor in 0.18 ms.
Unloading 1367 Unused Serialized files (Serialized files now loaded: 0)
System memory in use before: 64.5 MB.
System memory in use after: 64.6 MB.

Unloading 12 unused Assets to reduce memory usage. Loaded Objects now: 1808.
Total: 2.111200 ms (FindLiveObjects: 0.250800 ms CreateObjectMapping: 0.092800 ms MarkObjects: 1.661700 ms  DeleteObjects: 0.104600 ms)

========================================================================
Received Import Request.
  path: Assets/XR
  artifactKey: Guid(ded799e6125332549a455fcdc9cb9257) Importer(815301076,1909f56bfc062723c751e8b465ee728b)
Start importing Assets/XR using Guid(ded799e6125332549a455fcdc9cb9257) Importer(815301076,1909f56bfc062723c751e8b465ee728b)  -> (artifact id: 'ca6b8b66d63710df10a7ebeada900844') in 0.008954 seconds
  Import took 0.011257 seconds .

========================================================================
Received Import Request.
  Time since last request: 5864.066740 seconds.
  path: Assets/Scenes
  artifactKey: Guid(01df6c372525c1346af9dccc67177f0f) Importer(815301076,1909f56bfc062723c751e8b465ee728b)
Start importing Assets/Scenes using Guid(01df6c372525c1346af9dccc67177f0f) Importer(815301076,1909f56bfc062723c751e8b465ee728b)  -> (artifact id: 'fb519c45f5bdc7332535b911d6283493') in 0.010212 seconds
  Import took 0.013593 seconds .

========================================================================
Received Import Request.
  Time since last request: 1836.884312 seconds.
  path: Assets/Samples
  artifactKey: Guid(6a7cf596d1b38f64597e8526b200aa40) Importer(815301076,1909f56bfc062723c751e8b465ee728b)
Start importing Assets/Samples using Guid(6a7cf596d1b38f64597e8526b200aa40) Importer(815301076,1909f56bfc062723c751e8b465ee728b)  -> (artifact id: 'abd4e7ed1e9dd0a69b07cb43e87bff53') in 0.007836 seconds
  Import took 0.010405 seconds .

========================================================================
Received Import Request.
  Time since last request: 137.781367 seconds.
  path: Assets/Samples/XR Plugin Management/4.0.1/Example XR Management implementation
  artifactKey: Guid(a034d9d3ce4e561448ad143a13446371) Importer(815301076,1909f56bfc062723c751e8b465ee728b)
Start importing Assets/Samples/XR Plugin Management/4.0.1/Example XR Management implementation using Guid(a034d9d3ce4e561448ad143a13446371) Importer(815301076,1909f56bfc062723c751e8b465ee728b)  -> (artifact id: '623083967c4361bfcf9d4b61707fab14') in 0.007926 seconds
  Import took 0.010159 seconds .

AssetImportWorkerClient::OnTransportError - code=2 error=End of file
